<?xml version="1.0" encoding="UTF-8"?>
<testsuite name="calculator.CalculatorTest" tests="2" skipped="0" failures="0" errors="0" timestamp="2023-11-03T14:24:13" hostname="MacBook-Pro-Ji-Fisher.local" time="0.016">
  <properties/>
  <testcase name="getSumOfPerimeter()" classname="calculator.CalculatorTest" time="0.015"/>
  <testcase name="getSumOfSquare()" classname="calculator.CalculatorTest" time="0.0"/>
  <system-out><![CDATA[]]></system-out>
  <system-err><![CDATA[]]></system-err>
</testsuite>
